<?xml version="1.0" encoding="UTF-8"?>
<!-- Generated by org.testng.reporters.JUnitReportReporter -->
<testsuite hostname="LTIN654195" failures="0" tests="4" name="com.bookmyshow.tests.BookMyShowTest" time="6.174" errors="0" timestamp="2025-08-20T15:45:17 IST" skipped="0">
  <testcase classname="com.bookmyshow.tests.BookMyShowTest" name="selectLocation" time="0.845"/>
  <testcase classname="com.bookmyshow.tests.BookMyShowTest" name="getSportEvents" time="2.565"/>
  <testcase classname="com.bookmyshow.tests.BookMyShowTest" name="movieLanguages" time="0.593"/>
  <testcase classname="com.bookmyshow.tests.BookMyShowTest" name="getEvents" time="2.171"/>
</testsuite> <!-- com.bookmyshow.tests.BookMyShowTest -->
