<?xml version="1.0" encoding="UTF-8"?>
<!-- Generated by org.testng.reporters.JUnitReportReporter -->
<testsuite hostname="LTIN654195" failures="0" tests="4" name="com.bookmyshow.tests.BookMyShowTest" time="15.746" errors="0" timestamp="2025-08-20T17:45:39 IST" skipped="0">
  <testcase classname="com.bookmyshow.tests.BookMyShowTest" name="selectLocation" time="2.713"/>
  <testcase classname="com.bookmyshow.tests.BookMyShowTest" name="getSportEvents" time="4.941"/>
  <testcase classname="com.bookmyshow.tests.BookMyShowTest" name="movieLanguages" time="1.207"/>
  <testcase classname="com.bookmyshow.tests.BookMyShowTest" name="getEvents" time="6.885"/>
</testsuite> <!-- com.bookmyshow.tests.BookMyShowTest -->
